   1: int mod (int x, int y){
Parser:   <program>
Parser:     <func decl>
Parser:       <param decl>
Parser:       </param decl>
Parser:       <param decl>
   2:     return x - (x/y*y);
Parser:       </param decl>
Parser:       <func body>
Parser:         <statm list>
Parser:           <statement>
Parser:             <return-statm>
Parser:               <expression>
Parser:                 <term>
Parser:                   <factor>
Parser:                     <operand>
Parser:                       <variable>
Parser:                       </variable>
Parser:                     </operand>
Parser:                   </factor>
Parser:                   <factor>
Parser:                     <operand>
Parser:                       <expression>
Parser:                         <term>
Parser:                           <factor>
Parser:                             <operand>
Parser:                               <variable>
Parser:                               </variable>
Parser:                             </operand>
Parser:                             <factor operator>
Parser:                             </factor operator>
Parser:                             <operand>
Parser:                               <variable>
Parser:                               </variable>
Parser:                             </operand>
Parser:                             <factor operator>
Parser:                             </factor operator>
