   1: # Program 'mini'
   2: # -------------
   3: # A minimal Cb program!
   4: /* one line comment */
   5: int main ()
Parser:   <program>
Parser:     <func decl>
   6: {
   7:     putchar('x');
Parser:       <func body>
Parser:         <statm list>
Parser:           <statement>
Parser:             <call-statm>
Parser:               <function call>
Parser:                 <expr list>
Parser:                   <expression>
Parser:                     <term>
Parser:                       <factor>
Parser:                         <operand>
Parser:                           <number>
   8: }
Parser:                           </number>
Parser:                         </operand>
Parser:                       </factor>
Parser:                     </term>
Parser:                   </expression>
Parser:                 </expr list>
Parser:               </function call>
Parser:             </call-statm>
Parser:           </statement>
Parser:         </statm list>
Parser:       </func body>
Parser:     </func decl>
Parser:   </program>
Tree:     int main ()
Tree:     {
Tree:       putchar(120);
Tree:     }
